build/outputs/logs/manifest-merger-debug-report.txt
-- Merging decision tree log ---
manifest
ADDED from AndroidStudioProjects\XinWenKeHuDuan\AndroidManifest.xml:2:1-120:12
	package
		ADDED from AndroidStudioProjects\XinWenKeHuDuan\AndroidManifest.xml:3:5-27
	android:versionName
		ADDED from AndroidStudioProjects\XinWenKeHuDuan\AndroidManifest.xml:5:5-33
		INJECTED from AndroidStudioProjects\XinWenKeHuDuan\AndroidManifest.xml
		INJECTED from AndroidStudioProjects\XinWenKeHuDuan\AndroidManifest.xml
	android:versionCode
		ADDED from AndroidStudioProjects\XinWenKeHuDuan\AndroidManifest.xml:4:5-28
		INJECTED from AndroidStudioProjects\XinWenKeHuDuan\AndroidManifest.xml
		INJECTED from AndroidStudioProjects\XinWenKeHuDuan\AndroidManifest.xml
	xmlns:android
		ADDED from AndroidStudioProjects\XinWenKeHuDuan\AndroidManifest.xml:2:11-69
uses-sdk
ADDED from AndroidStudioProjects\XinWenKeHuDuan\AndroidManifest.xml:7:5-9:41
	android:targetSdkVersion
		ADDED from AndroidStudioProjects\XinWenKeHuDuan\AndroidManifest.xml:9:9-38
	android:minSdkVersion
		ADDED from AndroidStudioProjects\XinWenKeHuDuan\AndroidManifest.xml:8:9-34
uses-permission#android.permission.VIBRATE
ADDED from AndroidStudioProjects\XinWenKeHuDuan\AndroidManifest.xml:11:5-66
	android:name
		ADDED from AndroidStudioProjects\XinWenKeHuDuan\AndroidManifest.xml:11:22-63
uses-permission#android.permission.ACCESS_NETWORK_STATE
ADDED from AndroidStudioProjects\XinWenKeHuDuan\AndroidManifest.xml:12:5-79
	android:name
		ADDED from AndroidStudioProjects\XinWenKeHuDuan\AndroidManifest.xml:12:22-76
uses-permission#android.permission.ACCESS_WIFI_STATE
ADDED from AndroidStudioProjects\XinWenKeHuDuan\AndroidManifest.xml:13:5-76
	android:name
		ADDED from AndroidStudioProjects\XinWenKeHuDuan\AndroidManifest.xml:13:22-73
uses-permission#android.permission.WRITE_EXTERNAL_STORAGE
ADDED from AndroidStudioProjects\XinWenKeHuDuan\AndroidManifest.xml:14:5-81
	android:name
		ADDED from AndroidStudioProjects\XinWenKeHuDuan\AndroidManifest.xml:14:22-78
uses-permission#android.permission.READ_PHONE_STATE
ADDED from AndroidStudioProjects\XinWenKeHuDuan\AndroidManifest.xml:15:5-75
	android:name
		ADDED from AndroidStudioProjects\XinWenKeHuDuan\AndroidManifest.xml:15:22-72
uses-permission#android.permission.INTERNET
ADDED from AndroidStudioProjects\XinWenKeHuDuan\AndroidManifest.xml:16:5-67
	android:name
		ADDED from AndroidStudioProjects\XinWenKeHuDuan\AndroidManifest.xml:16:22-64
uses-permission#android.permission.ACCESS_FINE_LOCATION
ADDED from AndroidStudioProjects\XinWenKeHuDuan\AndroidManifest.xml:17:5-79
	android:name
		ADDED from AndroidStudioProjects\XinWenKeHuDuan\AndroidManifest.xml:17:22-76
uses-permission#android.permission.ACCESS_COARSE_LOCATION
ADDED from AndroidStudioProjects\XinWenKeHuDuan\AndroidManifest.xml:18:5-81
	android:name
		ADDED from AndroidStudioProjects\XinWenKeHuDuan\AndroidManifest.xml:18:22-78
uses-permission#android.permission.SYSTEM_ALERT_WINDOW
ADDED from AndroidStudioProjects\XinWenKeHuDuan\AndroidManifest.xml:19:5-78
	android:name
		ADDED from AndroidStudioProjects\XinWenKeHuDuan\AndroidManifest.xml:19:22-75
application
ADDED from AndroidStudioProjects\XinWenKeHuDuan\AndroidManifest.xml:21:5-118:19
	android:screenOrientation
		ADDED from AndroidStudioProjects\XinWenKeHuDuan\AndroidManifest.xml:26:9-45
	android:label
		ADDED from AndroidStudioProjects\XinWenKeHuDuan\AndroidManifest.xml:25:9-41
	android:allowBackup
		ADDED from AndroidStudioProjects\XinWenKeHuDuan\AndroidManifest.xml:23:9-35
	android:icon
		ADDED from AndroidStudioProjects\XinWenKeHuDuan\AndroidManifest.xml:24:9-42
	android:theme
		ADDED from AndroidStudioProjects\XinWenKeHuDuan\AndroidManifest.xml:27:9-40
	android:name
		ADDED from AndroidStudioProjects\XinWenKeHuDuan\AndroidManifest.xml:22:9-53
activity#cn.univs.app.activity.GuideActivity
ADDED from AndroidStudioProjects\XinWenKeHuDuan\AndroidManifest.xml:28:9-39:20
	android:screenOrientation
		ADDED from AndroidStudioProjects\XinWenKeHuDuan\AndroidManifest.xml:32:13-49
	android:label
		ADDED from AndroidStudioProjects\XinWenKeHuDuan\AndroidManifest.xml:31:13-45
	android:windowSoftInputMode
		ADDED from AndroidStudioProjects\XinWenKeHuDuan\AndroidManifest.xml:33:13-70
	android:configChanges
		ADDED from AndroidStudioProjects\XinWenKeHuDuan\AndroidManifest.xml:30:13-74
	android:name
		ADDED from AndroidStudioProjects\XinWenKeHuDuan\AndroidManifest.xml:29:13-63
intent-filter#android.intent.action.MAIN+android.intent.category.LAUNCHER
ADDED from AndroidStudioProjects\XinWenKeHuDuan\AndroidManifest.xml:34:13-38:29
action#android.intent.action.MAIN
ADDED from AndroidStudioProjects\XinWenKeHuDuan\AndroidManifest.xml:35:17-69
	android:name
		ADDED from AndroidStudioProjects\XinWenKeHuDuan\AndroidManifest.xml:35:25-66
category#android.intent.category.LAUNCHER
ADDED from AndroidStudioProjects\XinWenKeHuDuan\AndroidManifest.xml:37:17-77
	android:name
		ADDED from AndroidStudioProjects\XinWenKeHuDuan\AndroidManifest.xml:37:27-74
activity#cn.univs.app.activity.MainActivity
ADDED from AndroidStudioProjects\XinWenKeHuDuan\AndroidManifest.xml:40:9-46:20
	android:screenOrientation
		ADDED from AndroidStudioProjects\XinWenKeHuDuan\AndroidManifest.xml:44:13-49
	android:label
		ADDED from AndroidStudioProjects\XinWenKeHuDuan\AndroidManifest.xml:43:13-45
	android:windowSoftInputMode
		ADDED from AndroidStudioProjects\XinWenKeHuDuan\AndroidManifest.xml:45:13-70
	android:configChanges
		ADDED from AndroidStudioProjects\XinWenKeHuDuan\AndroidManifest.xml:42:13-74
	android:name
		ADDED from AndroidStudioProjects\XinWenKeHuDuan\AndroidManifest.xml:41:13-62
activity#cn.univs.app.activity.SpecialActivity2
ADDED from AndroidStudioProjects\XinWenKeHuDuan\AndroidManifest.xml:47:9-53:20
	android:screenOrientation
		ADDED from AndroidStudioProjects\XinWenKeHuDuan\AndroidManifest.xml:51:13-49
	android:label
		ADDED from AndroidStudioProjects\XinWenKeHuDuan\AndroidManifest.xml:50:13-45
	android:windowSoftInputMode
		ADDED from AndroidStudioProjects\XinWenKeHuDuan\AndroidManifest.xml:52:13-70
	android:configChanges
		ADDED from AndroidStudioProjects\XinWenKeHuDuan\AndroidManifest.xml:49:13-74
	android:name
		ADDED from AndroidStudioProjects\XinWenKeHuDuan\AndroidManifest.xml:48:13-66
activity#cn.univs.app.activity.SettingChannelActivity
ADDED from AndroidStudioProjects\XinWenKeHuDuan\AndroidManifest.xml:54:9-60:20
	android:screenOrientation
		ADDED from AndroidStudioProjects\XinWenKeHuDuan\AndroidManifest.xml:58:13-49
	android:label
		ADDED from AndroidStudioProjects\XinWenKeHuDuan\AndroidManifest.xml:57:13-45
	android:windowSoftInputMode
		ADDED from AndroidStudioProjects\XinWenKeHuDuan\AndroidManifest.xml:59:13-70
	android:configChanges
		ADDED from AndroidStudioProjects\XinWenKeHuDuan\AndroidManifest.xml:56:13-74
	android:name
		ADDED from AndroidStudioProjects\XinWenKeHuDuan\AndroidManifest.xml:55:13-72
activity#cn.univs.app.activity.PhotosActivity
ADDED from AndroidStudioProjects\XinWenKeHuDuan\AndroidManifest.xml:61:9-67:20
	android:screenOrientation
		ADDED from AndroidStudioProjects\XinWenKeHuDuan\AndroidManifest.xml:65:13-49
	android:label
		ADDED from AndroidStudioProjects\XinWenKeHuDuan\AndroidManifest.xml:64:13-45
	android:windowSoftInputMode
		ADDED from AndroidStudioProjects\XinWenKeHuDuan\AndroidManifest.xml:66:13-70
	android:configChanges
		ADDED from AndroidStudioProjects\XinWenKeHuDuan\AndroidManifest.xml:63:13-74
	android:name
		ADDED from AndroidStudioProjects\XinWenKeHuDuan\AndroidManifest.xml:62:13-64
activity#cn.univs.app.activity.NewsActivity
ADDED from AndroidStudioProjects\XinWenKeHuDuan\AndroidManifest.xml:68:9-74:20
	android:screenOrientation
		ADDED from AndroidStudioProjects\XinWenKeHuDuan\AndroidManifest.xml:72:13-49
	android:label
		ADDED from AndroidStudioProjects\XinWenKeHuDuan\AndroidManifest.xml:71:13-45
	android:windowSoftInputMode
		ADDED from AndroidStudioProjects\XinWenKeHuDuan\AndroidManifest.xml:73:13-70
	android:configChanges
		ADDED from AndroidStudioProjects\XinWenKeHuDuan\AndroidManifest.xml:70:13-74
	android:name
		ADDED from AndroidStudioProjects\XinWenKeHuDuan\AndroidManifest.xml:69:13-62
activity#cn.univs.app.activity.ChannelActivity
ADDED from AndroidStudioProjects\XinWenKeHuDuan\AndroidManifest.xml:75:9-81:20
	android:screenOrientation
		ADDED from AndroidStudioProjects\XinWenKeHuDuan\AndroidManifest.xml:79:13-49
	android:label
		ADDED from AndroidStudioProjects\XinWenKeHuDuan\AndroidManifest.xml:78:13-45
	android:windowSoftInputMode
		ADDED from AndroidStudioProjects\XinWenKeHuDuan\AndroidManifest.xml:80:13-70
	android:configChanges
		ADDED from AndroidStudioProjects\XinWenKeHuDuan\AndroidManifest.xml:77:13-74
	android:name
		ADDED from AndroidStudioProjects\XinWenKeHuDuan\AndroidManifest.xml:76:13-65
activity#cn.univs.app.activity.StartActivity
ADDED from AndroidStudioProjects\XinWenKeHuDuan\AndroidManifest.xml:82:9-88:20
	android:screenOrientation
		ADDED from AndroidStudioProjects\XinWenKeHuDuan\AndroidManifest.xml:86:13-49
	android:label
		ADDED from AndroidStudioProjects\XinWenKeHuDuan\AndroidManifest.xml:85:13-45
	android:windowSoftInputMode
		ADDED from AndroidStudioProjects\XinWenKeHuDuan\AndroidManifest.xml:87:13-70
	android:configChanges
		ADDED from AndroidStudioProjects\XinWenKeHuDuan\AndroidManifest.xml:84:13-74
	android:name
		ADDED from AndroidStudioProjects\XinWenKeHuDuan\AndroidManifest.xml:83:13-63
meta-data#UMENG_APPKEY
ADDED from AndroidStudioProjects\XinWenKeHuDuan\AndroidManifest.xml:90:9-92:56
	android:value
		ADDED from AndroidStudioProjects\XinWenKeHuDuan\AndroidManifest.xml:92:13-53
	android:name
		ADDED from AndroidStudioProjects\XinWenKeHuDuan\AndroidManifest.xml:91:13-40
meta-data#UMENG_CHANNEL
ADDED from AndroidStudioProjects\XinWenKeHuDuan\AndroidManifest.xml:93:9-95:37
	android:value
		ADDED from AndroidStudioProjects\XinWenKeHuDuan\AndroidManifest.xml:95:13-34
	android:name
		ADDED from AndroidStudioProjects\XinWenKeHuDuan\AndroidManifest.xml:94:13-41
activity#com.umeng.socialize.view.ShareActivity
ADDED from AndroidStudioProjects\XinWenKeHuDuan\AndroidManifest.xml:97:9-103:71
	android:launchMode
		ADDED from AndroidStudioProjects\XinWenKeHuDuan\AndroidManifest.xml:100:13-44
	android:noHistory
		ADDED from AndroidStudioProjects\XinWenKeHuDuan\AndroidManifest.xml:101:13-37
	android:windowSoftInputMode
		ADDED from AndroidStudioProjects\XinWenKeHuDuan\AndroidManifest.xml:103:13-68
	android:configChanges
		ADDED from AndroidStudioProjects\XinWenKeHuDuan\AndroidManifest.xml:99:13-57
	android:theme
		ADDED from AndroidStudioProjects\XinWenKeHuDuan\AndroidManifest.xml:102:13-50
	android:name
		ADDED from AndroidStudioProjects\XinWenKeHuDuan\AndroidManifest.xml:98:13-66
activity#cn.univs.app.wxapi.WXEntryActivity
ADDED from AndroidStudioProjects\XinWenKeHuDuan\AndroidManifest.xml:104:9-109:75
	android:screenOrientation
		ADDED from AndroidStudioProjects\XinWenKeHuDuan\AndroidManifest.xml:108:13-49
	android:exported
		ADDED from AndroidStudioProjects\XinWenKeHuDuan\AndroidManifest.xml:107:13-36
	android:configChanges
		ADDED from AndroidStudioProjects\XinWenKeHuDuan\AndroidManifest.xml:106:13-74
	android:theme
		ADDED from AndroidStudioProjects\XinWenKeHuDuan\AndroidManifest.xml:109:13-72
	android:name
		ADDED from AndroidStudioProjects\XinWenKeHuDuan\AndroidManifest.xml:105:13-62
activity#cn.univs.app.StrartActivity
ADDED from AndroidStudioProjects\XinWenKeHuDuan\AndroidManifest.xml:110:9-117:20
	android:screenOrientation
		ADDED from AndroidStudioProjects\XinWenKeHuDuan\AndroidManifest.xml:115:13-49
	android:label
		ADDED from AndroidStudioProjects\XinWenKeHuDuan\AndroidManifest.xml:112:13-58
	android:exported
		ADDED from AndroidStudioProjects\XinWenKeHuDuan\AndroidManifest.xml:114:13-36
	android:configChanges
		ADDED from AndroidStudioProjects\XinWenKeHuDuan\AndroidManifest.xml:113:13-74
	android:theme
		ADDED from AndroidStudioProjects\XinWenKeHuDuan\AndroidManifest.xml:116:13-72
	android:name
		ADDED from AndroidStudioProjects\XinWenKeHuDuan\AndroidManifest.xml:111:13-55